

Version:	3.50
CmdLine:	D:\Projects\Java Snake Game\SnakeGame\src\snakegame\SnakeGame.exe --l4j-debug
JNI:		No
WOW64:		Yes
Working dir:	D:\Projects\Java Snake Game\SnakeGame\src\snakegame\.
Requires JDK:	No
Requires 64-Bit: No
Java min ver:	1.001.000
Java max ver:	
Substitute:	JAVA_HOME = 
Substitute:	PATH = C:\Program Files\Common Files\Oracle\Java\javapath;C:\ProgramData\Oracle\Java\javapath;C:\WINDOWS\system32;C:\WINDOWS;C:\WINDOWS\System32\Wbem;C:\WINDOWS\System32\WindowsPowerShell\v1.0\;C:\WINDOWS\System32\OpenSSH\;C:\MinGW\bin;C:\Program Files\Git\cmd;C:\Program Files (x86)\dotnet\;C:\Program Files\nodejs\;C:\Program Files\Java\jdk1.8.0_202\bin;C:\Program Files\MySQL\MySQL Shell 8.0\bin\;C:\Users\HP\AppData\Local\Programs\Python\Python311\Scripts\;C:\Users\HP\AppData\Local\Programs\Python\Python311\;C:\Users\HP\AppData\Local\Microsoft\WindowsApps;C:\Users\HP\AppData\Local\Programs\Microsoft VS Code\bin;C:\MinGW\bin;C:\Users\HP\AppData\Local\GitHubDesktop\bin;C:\Program Files\Java\jdk-19\bin;C:\Users\HP\AppData\Roaming\npm;C:\Program Files\Java\jdk-19\bin;;C:\Program Files\Java\jdk-19\bin
JRE paths:	;C:\Program Files\Common Files\Oracle\Java\javapath;C:\ProgramData\Oracle\Java\javapath;C:\WINDOWS\system32;C:\WINDOWS;C:\WINDOWS\System32\Wbem;C:\WINDOWS\System32\WindowsPowerShell\v1.0\;C:\WINDOWS\System32\OpenSSH\;C:\MinGW\bin;C:\Program Files\Git\cmd;C:\Program Files (x86)\dotnet\;C:\Program Files\nodejs\;C:\Program Files\Java\jdk1.8.0_202\bin;C:\Program Files\MySQL\MySQL Shell 8.0\bin\;C:\Users\HP\AppData\Local\Programs\Python\Python311\Scripts\;C:\Users\HP\AppData\Local\Programs\Python\Python311\;C:\Users\HP\AppData\Local\Microsoft\WindowsApps;C:\Users\HP\AppData\Local\Programs\Microsoft VS Code\bin;C:\MinGW\bin;C:\Users\HP\AppData\Local\GitHubDesktop\bin;C:\Program Files\Java\jdk-19\bin;C:\Users\HP\AppData\Roaming\npm;C:\Program Files\Java\jdk-19\bin;;C:\Program Files\Java\jdk-19\bin
Check launcher:	C:\Program Files\Common Files\Oracle\Java\javapath\bin\javaw.exe (not found)
Check launcher:	C:\ProgramData\Oracle\Java\javapath\bin\javaw.exe (not found)
Check launcher:	C:\WINDOWS\system32\bin\javaw.exe (not found)
Check launcher:	C:\WINDOWS\bin\javaw.exe (not found)
Check launcher:	C:\WINDOWS\System32\Wbem\bin\javaw.exe (not found)
Check launcher:	C:\WINDOWS\System32\WindowsPowerShell\v1.0\bin\javaw.exe (not found)
Check launcher:	C:\WINDOWS\System32\OpenSSH\bin\javaw.exe (not found)
Check launcher:	C:\MinGW\bin\javaw.exe (not found)
Check launcher:	C:\Program Files\Git\cmd\bin\javaw.exe (not found)
Check launcher:	C:\Program Files (x86)\dotnet\bin\javaw.exe (not found)
Check launcher:	C:\Program Files\nodejs\bin\javaw.exe (not found)
Check launcher:	C:\Program Files\Java\jdk1.8.0_202\bin\javaw.exe (not found)
Check launcher:	C:\Program Files\MySQL\MySQL Shell 8.0\bin\bin\javaw.exe (not found)
Check launcher:	C:\Users\HP\AppData\Local\Programs\Python\Python311\Scripts\bin\javaw.exe (not found)
Check launcher:	C:\Users\HP\AppData\Local\Programs\Python\Python311\bin\javaw.exe (not found)
Check launcher:	C:\Users\HP\AppData\Local\Microsoft\WindowsApps\bin\javaw.exe (not found)
Check launcher:	C:\Users\HP\AppData\Local\Programs\Microsoft VS Code\bin\javaw.exe (not found)
Check launcher:	C:\MinGW\bin\javaw.exe (not found)
Check launcher:	C:\Users\HP\AppData\Local\GitHubDesktop\bin\javaw.exe (not found)
Check launcher:	C:\Program Files\Java\jdk-19\bin\javaw.exe (OK)
Version string: 1.019.000_001 / 64-Bit (OK)
Main class:	snakegame.Introframe
Add classpath:	lib\jaco-mp3-player-0.9.3.jar
Launcher:	C:\Program Files\Java\jdk-19\bin\javaw.exe
Launcher args:	-classpath "D:\Projects\Java Snake Game\SnakeGame\src\snakegame\SnakeGame.exe;lib\jaco-mp3-player-0.9.3.jar" snakegame.Introframe
Args length:	129/32768 chars
Exit code:	0
